<?xml version="1.0" encoding="UTF-8"?>
<testng-results ignored="0" total="3" passed="3" failed="0" skipped="0">
  <reporter-output>
  </reporter-output>
  <suite started-at="2023-06-28T16:53:50 BST" name="Suite" finished-at="2023-06-28T16:54:59 BST" duration-ms="69177">
    <groups>
    </groups>
    <test started-at="2023-06-28T16:53:50 BST" name="Test" finished-at="2023-06-28T16:54:59 BST" duration-ms="69177">
      <class name="scripts.Testcase3">
        <test-method is-config="true" signature="openApp()[pri:0, instance:scripts.Testcase3@35aea049]" started-at="2023-06-28T16:54:25 BST" name="openApp" finished-at="2023-06-28T16:54:32 BST" duration-ms="6962" status="PASS">
          <reporter-output>
          </reporter-output>
        </test-method> <!-- openApp -->
        <test-method signature="tc3()[pri:0, instance:scripts.Testcase3@35aea049]" started-at="2023-06-28T16:54:32 BST" name="tc3" finished-at="2023-06-28T16:54:58 BST" duration-ms="25135" status="PASS">
          <reporter-output>
          </reporter-output>
        </test-method> <!-- tc3 -->
        <test-method is-config="true" signature="closeApp(org.testng.ITestResult)[pri:0, instance:scripts.Testcase3@35aea049]" started-at="2023-06-28T16:54:58 BST" name="closeApp" finished-at="2023-06-28T16:54:59 BST" duration-ms="1684" status="PASS">
          <params>
            <param index="0">
              <value>
                <![CDATA[[TestResult name=tc3 status=SUCCESS method=Testcase3.tc3()[pri:0, instance:scripts.Testcase3@35aea049] output={null}]]]>
              </value>
            </param>
          </params>
          <reporter-output>
          </reporter-output>
        </test-method> <!-- closeApp -->
      </class> <!-- scripts.Testcase3 -->
      <class name="scripts.Testcase2">
        <test-method is-config="true" signature="openApp()[pri:0, instance:scripts.Testcase2@169e6180]" started-at="2023-06-28T16:54:06 BST" name="openApp" finished-at="2023-06-28T16:54:13 BST" duration-ms="7026" status="PASS">
          <reporter-output>
          </reporter-output>
        </test-method> <!-- openApp -->
        <test-method signature="tc2()[pri:0, instance:scripts.Testcase2@169e6180]" started-at="2023-06-28T16:54:13 BST" name="tc2" finished-at="2023-06-28T16:54:23 BST" duration-ms="10100" status="PASS">
          <reporter-output>
          </reporter-output>
        </test-method> <!-- tc2 -->
        <test-method is-config="true" signature="closeApp(org.testng.ITestResult)[pri:0, instance:scripts.Testcase2@169e6180]" started-at="2023-06-28T16:54:23 BST" name="closeApp" finished-at="2023-06-28T16:54:25 BST" duration-ms="2578" status="PASS">
          <params>
            <param index="0">
              <value>
                <![CDATA[[TestResult name=tc2 status=SUCCESS method=Testcase2.tc2()[pri:0, instance:scripts.Testcase2@169e6180] output={null}]]]>
              </value>
            </param>
          </params>
          <reporter-output>
          </reporter-output>
        </test-method> <!-- closeApp -->
      </class> <!-- scripts.Testcase2 -->
      <class name="scripts.Testcase1">
        <test-method is-config="true" signature="openApp()[pri:0, instance:scripts.Testcase1@793be5ca]" started-at="2023-06-28T16:53:50 BST" name="openApp" finished-at="2023-06-28T16:53:58 BST" duration-ms="7433" status="PASS">
          <reporter-output>
          </reporter-output>
        </test-method> <!-- openApp -->
        <test-method signature="tc1()[pri:0, instance:scripts.Testcase1@793be5ca]" started-at="2023-06-28T16:53:58 BST" name="tc1" finished-at="2023-06-28T16:54:04 BST" duration-ms="6201" status="PASS">
          <reporter-output>
          </reporter-output>
        </test-method> <!-- tc1 -->
        <test-method is-config="true" signature="closeApp(org.testng.ITestResult)[pri:0, instance:scripts.Testcase1@793be5ca]" started-at="2023-06-28T16:54:04 BST" name="closeApp" finished-at="2023-06-28T16:54:06 BST" duration-ms="1994" status="PASS">
          <params>
            <param index="0">
              <value>
                <![CDATA[[TestResult name=tc1 status=SUCCESS method=Testcase1.tc1()[pri:0, instance:scripts.Testcase1@793be5ca] output={null}]]]>
              </value>
            </param>
          </params>
          <reporter-output>
          </reporter-output>
        </test-method> <!-- closeApp -->
      </class> <!-- scripts.Testcase1 -->
    </test> <!-- Test -->
  </suite> <!-- Suite -->
</testng-results>
